<?xml version="1.0" encoding="UTF-8"?>
<testng-results ignored="0" total="2" passed="2" failed="0" skipped="0">
  <reporter-output>
  </reporter-output>
  <suite started-at="2023-04-03T01:36:28 AST" name="Suite" finished-at="2023-04-03T01:36:33 AST" duration-ms="4229">
    <groups>
    </groups>
    <test started-at="2023-04-03T01:36:28 AST" name="Test" finished-at="2023-04-03T01:36:33 AST" duration-ms="4229">
      <class name="almosafer.almosafer.almosafer">
        <test-method is-config="true" signature="setup()[pri:0, instance:almosafer.almosafer.almosafer@27f981c6]" started-at="2023-04-03T01:36:28 AST" name="setup" finished-at="2023-04-03T01:36:29 AST" duration-ms="265" status="PASS">
          <reporter-output>
          </reporter-output>
        </test-method> <!-- setup -->
        <test-method signature="GET()[pri:0, instance:almosafer.almosafer.almosafer@27f981c6]" started-at="2023-04-03T01:36:29 AST" name="GET" finished-at="2023-04-03T01:36:31 AST" duration-ms="2809" status="PASS">
          <reporter-output>
          </reporter-output>
        </test-method> <!-- GET -->
        <test-method signature="post()[pri:0, instance:almosafer.almosafer.almosafer@27f981c6]" started-at="2023-04-03T01:36:31 AST" name="post" finished-at="2023-04-03T01:36:32 AST" duration-ms="818" status="PASS">
          <reporter-output>
          </reporter-output>
        </test-method> <!-- post -->
        <test-method is-config="true" signature="aftertest()[pri:0, instance:almosafer.almosafer.almosafer@27f981c6]" started-at="2023-04-03T01:36:32 AST" name="aftertest" finished-at="2023-04-03T01:36:33 AST" duration-ms="296" status="PASS">
          <reporter-output>
          </reporter-output>
        </test-method> <!-- aftertest -->
      </class> <!-- almosafer.almosafer.almosafer -->
    </test> <!-- Test -->
  </suite> <!-- Suite -->
</testng-results>
